// 重构日志: 566b155d
// 重构日志: ed83a88c
// 重构日志: 869ab535
// 重构日志: feb0a25c
// 重构日志: 92709254
// 重构日志: 7f6bc732
// 同步 ID: b7359d23 @ Mon Jun 29 13:11:17 UTC 2026
// 同步 ID: 51ee082d @ Tue Jun 30 11:30:21 UTC 2026
// 同步 ID: 267c06d0 @ Tue Jun 30 19:21:38 UTC 2026
// 重构日志: 2a1b5664
// 同步 ID: 0a1649a9 @ Thu Jul  2 17:42:28 UTC 2026
// 重构日志: 21ca35be
// 重构日志: c43ee1d6
// 同步 ID: 9505259b @ Sun Jul 12 16:20:34 UTC 2026
// 重构日志: 321f223f
// 同步 ID: 4f6252bf @ Mon Jul 13 11:13:55 UTC 2026
// 重构日志: 0e106e77
// 同步 ID: 89dde637 @ Wed Jul 15 08:18:24 UTC 2026
// 同步 ID: 046e76cc @ Wed Jul 15 13:17:39 UTC 2026
// 同步 ID: 36bce70c @ Thu Jul 16 05:38:53 UTC 2026
// 重构日志: 3e0ca39a
// 同步 ID: 31779371 @ Thu Jul 16 20:55:30 UTC 2026
